0 info it worked if it ends with ok
1 verbose cli [ 'C:\\Program Files\\nodejs\\node.exe',
1 verbose cli   'C:\\Program Files\\nodejs\\node_modules\\npm\\bin\\npm-cli.js',
1 verbose cli   'run',
1 verbose cli   'watcher' ]
2 info using npm@3.10.10
3 info using node@v6.10.3
4 verbose run-script [ 'prewatcher', 'watcher', 'postwatcher' ]
5 info lifecycle shift_wall@1.0.0~prewatcher: shift_wall@1.0.0
6 silly lifecycle shift_wall@1.0.0~prewatcher: no script for prewatcher, continuing
7 info lifecycle shift_wall@1.0.0~watcher: shift_wall@1.0.0
8 verbose lifecycle shift_wall@1.0.0~watcher: unsafe-perm in lifecycle true
9 verbose lifecycle shift_wall@1.0.0~watcher: PATH: C:\Program Files\nodejs\node_modules\npm\bin\node-gyp-bin;X:\xampp\htdocs\wordpress\wp-content\plugins\shift-wall\node_modules\.bin;C:\Users\ADMIN\bin;C:\Program Files\Git\mingw64\bin;C:\Program Files\Git\usr\local\bin;C:\Program Files\Git\usr\bin;C:\Program Files\Git\usr\bin;C:\Program Files\Git\mingw64\bin;C:\Program Files\Git\usr\bin;C:\Users\ADMIN\bin;X:\xampp\php;C:\ProgramData\ComposerSetup\bin;C:\Program Files (x86)\Heroku\bin;C:\Program Files (x86)\git\cmd;C:\Program Files (x86)\Git\cmd;C:\Program Files (x86)\Skype\Phone;C:\Program Files\nodejs;C:\Users\ADMIN\AppData\Local\Microsoft\WindowsApps;C:\Users\ADMIN\AppData\Roaming\Composer\vendor\bin;C:\Users\ADMIN\AppData\Roaming\npm;C:\Program Files\Git\usr\bin\vendor_perl;C:\Program Files\Git\usr\bin\core_perl
10 verbose lifecycle shift_wall@1.0.0~watcher: CWD: X:\xampp\htdocs\wordpress\wp-content\plugins\shift-wall
11 silly lifecycle shift_wall@1.0.0~watcher: Args: [ '/d /s /c', 'webpack --progress --colors --watch' ]
12 verbose stack Error: kill ENOSYS
12 verbose stack     at exports._errnoException (util.js:1018:11)
12 verbose stack     at process.kill (internal/process.js:190:13)
12 verbose stack     at process.listener (C:\Program Files\nodejs\node_modules\npm\node_modules\npmlog\node_modules\gauge\node_modules\signal-exit\index.js:86:15)
12 verbose stack     at emitNone (events.js:91:20)
12 verbose stack     at process.emit (events.js:185:7)
12 verbose stack     at processEmit (C:\Program Files\nodejs\node_modules\npm\node_modules\npmlog\node_modules\gauge\node_modules\signal-exit\index.js:146:32)
12 verbose stack     at processEmit (C:\Program Files\nodejs\node_modules\npm\node_modules\npm-registry-client\node_modules\npmlog\node_modules\gauge\node_modules\signal-exit\index.js:146:32)
12 verbose stack     at Signal.wrap.onsignal (internal/process.js:217:44)
13 verbose cwd X:\xampp\htdocs\wordpress\wp-content\plugins\shift-wall
14 error Windows_NT 10.0.14393
15 error argv "C:\\Program Files\\nodejs\\node.exe" "C:\\Program Files\\nodejs\\node_modules\\npm\\bin\\npm-cli.js" "run" "watcher"
16 error node v6.10.3
17 error npm  v3.10.10
18 error code ENOSYS
19 error errno ENOSYS
20 error syscall kill
21 error kill ENOSYS
22 error If you need help, you may report this error at:
22 error     <https://github.com/npm/npm/issues>
23 verbose exit [ 1, true ]
